#
# There is insufficient memory for the Java Runtime Environment to continue.
# Native memory allocation (malloc) failed to allocate 758576 bytes for Chunk::new
# Possible reasons:
#   The system is out of physical RAM or swap space
#   The process is running with CompressedOops enabled, and the Java Heap may be blocking the growth of the native heap
# Possible solutions:
#   Reduce memory load on the system
#   Increase physical memory or swap space
#   Check if swap backing store is full
#   Decrease Java heap size (-Xmx/-Xms)
#   Decrease number of Java threads
#   Decrease Java thread stack sizes (-Xss)
#   Set larger code cache with -XX:ReservedCodeCacheSize=
#   JVM is running with Zero Based Compressed Oops mode in which the Java heap is
#     placed in the first 32GB address space. The Java Heap base address is the
#     maximum limit for the native heap growth. Please use -XX:HeapBaseMinAddress
#     to set the Java Heap base and to place the Java Heap above 32GB virtual address.
# This output file may be truncated or incomplete.
#
#  Out of Memory Error (arena.cpp:184), pid=18964, tid=15888
#
# JRE version: Java(TM) SE Runtime Environment (20.0.1+9) (build 20.0.1+9-29)
# Java VM: Java HotSpot(TM) 64-Bit Server VM (20.0.1+9-29, mixed mode, sharing, tiered, compressed oops, compressed class ptrs, g1 gc, windows-amd64)
# No core dump will be written. Minidumps are not enabled by default on client versions of Windows
#

---------------  S U M M A R Y ------------

Command Line: -javaagent:D:\Program Files\IntelliJ IDEA 2023.2\lib\idea_rt.jar=60086:D:\Program Files\IntelliJ IDEA 2023.2\bin -Dfile.encoding=UTF-8 -Dsun.stdout.encoding=UTF-8 -Dsun.stderr.encoding=UTF-8 --module-path=C:\Users\PC\.m2\repository\org\openjfx\javafx-graphics\20\javafx-graphics-20-win.jar;C:\Users\PC\.m2\repository\org\openjfx\javafx-base\20\javafx-base-20-win.jar;C:\Users\PC\.m2\repository\org\openjfx\javafx-web\20\javafx-web-20-win.jar;E:\MailClient\target\classes;C:\Users\PC\.m2\repository\org\openjfx\javafx-controls\20\javafx-controls-20-win.jar;C:\Users\PC\.m2\repository\com\google\code\gson\gson\2.10.1\gson-2.10.1.jar;C:\Users\PC\.m2\repository\org\openjfx\javafx-fxml\20\javafx-fxml-20-win.jar;C:\Users\PC\.m2\repository\org\openjfx\javafx-media\20\javafx-media-20-win.jar -Djdk.module.main=com.email.mailclient com.email.mailclient/com.email.mailclient.EmailApplication

Host: AMD Ryzen 7 3750H with Radeon Vega Mobile Gfx  , 8 cores, 13G,  Windows 11 , 64 bit Build 22621 (10.0.22621.2506)
Time: Sat Dec  9 14:05:19 2023 SE Asia Standard Time elapsed time: 1.385823 seconds (0d 0h 0m 1s)

---------------  T H R E A D  ---------------

Current thread (0x0000025ef91d5250):  JavaThread "C2 CompilerThread0" daemon [_thread_in_native, id=15888, stack(0x0000009453200000,0x0000009453300000)]


Current CompileTask:
C2:   1385 1309       4       java.io.DataInputStream::readUTF (501 bytes)

Stack: [0x0000009453200000,0x0000009453300000]
Native frames: (J=compiled Java code, j=interpreted, Vv=VM code, C=native code)
V  [jvm.dll+0x6bb95a]
V  [jvm.dll+0x8485fa]
V  [jvm.dll+0x84a1f5]
V  [jvm.dll+0x84a8f3]
V  [jvm.dll+0x280b0f]
V  [jvm.dll+0xc2b11]
V  [jvm.dll+0xc2e35]
V  [jvm.dll+0x3bb17c]
V  [jvm.dll+0x1e6e39]
V  [jvm.dll+0x24b3ab]
V  [jvm.dll+0x24a651]
V  [jvm.dll+0x1ce491]
V  [jvm.dll+0x259e1b]
V  [jvm.dll+0x2584f0]
V  [jvm.dll+0x3f2895]
V  [jvm.dll+0x7f4b56]
V  [jvm.dll+0x6ba5cb]
C  [ucrtbase.dll+0x29363]
C  [KERNEL32.DLL+0x1257d]
C  [ntdll.dll+0x5aa58]


---------------  P R O C E S S  ---------------

Threads class SMR info:
_java_thread_list=0x0000025efe495b10, length=20, elements={
0x0000025ed8722d70, 0x0000025ef91c38e0, 0x0000025ef91c6690, 0x0000025ef91c9120,
0x0000025ef91caa70, 0x0000025ef91cb6f0, 0x0000025ef91cc7d0, 0x0000025ef91d5250,
0x0000025ef91d6770, 0x0000025ef9190e20, 0x0000025efe594490, 0x0000025efe18b6d0,
0x0000025efea6e0e0, 0x0000025efdf2c880, 0x0000025efe11e590, 0x0000025efe1b83b0,
0x0000025efe167200, 0x0000025efebdd4d0, 0x0000025efe303e70, 0x0000025efea1ba20
}

Java Threads: ( => current thread )
  0x0000025ed8722d70 JavaThread "main" [_thread_blocked, id=16016, stack(0x0000009452500000,0x0000009452600000)]
  0x0000025ef91c38e0 JavaThread "Reference Handler" daemon [_thread_blocked, id=9804, stack(0x0000009452c00000,0x0000009452d00000)]
  0x0000025ef91c6690 JavaThread "Finalizer" daemon [_thread_blocked, id=19360, stack(0x0000009452d00000,0x0000009452e00000)]
  0x0000025ef91c9120 JavaThread "Signal Dispatcher" daemon [_thread_blocked, id=17268, stack(0x0000009452e00000,0x0000009452f00000)]
  0x0000025ef91caa70 JavaThread "Attach Listener" daemon [_thread_blocked, id=25052, stack(0x0000009452f00000,0x0000009453000000)]
  0x0000025ef91cb6f0 JavaThread "Service Thread" daemon [_thread_blocked, id=3808, stack(0x0000009453000000,0x0000009453100000)]
  0x0000025ef91cc7d0 JavaThread "Monitor Deflation Thread" daemon [_thread_blocked, id=16932, stack(0x0000009453100000,0x0000009453200000)]
=>0x0000025ef91d5250 JavaThread "C2 CompilerThread0" daemon [_thread_in_native, id=15888, stack(0x0000009453200000,0x0000009453300000)]
  0x0000025ef91d6770 JavaThread "C1 CompilerThread0" daemon [_thread_blocked, id=20196, stack(0x0000009453300000,0x0000009453400000)]
  0x0000025ef9190e20 JavaThread "Common-Cleaner" daemon [_thread_blocked, id=22772, stack(0x0000009453400000,0x0000009453500000)]
  0x0000025efe594490 JavaThread "Monitor Ctrl-Break" daemon [_thread_in_native, id=17664, stack(0x0000009453700000,0x0000009453800000)]
  0x0000025efe18b6d0 JavaThread "Notification Thread" daemon [_thread_blocked, id=17128, stack(0x0000009453800000,0x0000009453900000)]
  0x0000025efea6e0e0 JavaThread "QuantumRenderer-0" daemon [_thread_blocked, id=7092, stack(0x0000009453600000,0x0000009453700000)]
  0x0000025efdf2c880 JavaThread "InvokeLaterDispatcher" daemon [_thread_blocked, id=11712, stack(0x0000009453a00000,0x0000009453b00000)]
  0x0000025efe11e590 JavaThread "JavaFX Application Thread" [_thread_in_vm, id=3552, stack(0x0000009453b00000,0x0000009453c00000)]
  0x0000025efe1b83b0 JavaThread "Thread-1" daemon [_thread_in_native, id=17112, stack(0x0000009453500000,0x0000009453600000)]
  0x0000025efe167200 JavaThread "JavaFX-Launcher" [_thread_blocked, id=17760, stack(0x0000009454500000,0x0000009454600000)]
  0x0000025efebdd4d0 JavaThread "C2 CompilerThread1" daemon [_thread_in_native, id=11364, stack(0x0000009454b00000,0x0000009454c00000)]
  0x0000025efe303e70 JavaThread "Prism Font Disposer" daemon [_thread_blocked, id=29444, stack(0x0000009454c00000,0x0000009454d00000)]
  0x0000025efea1ba20 JavaThread "C2 CompilerThread2" daemon [_thread_blocked, id=7832, stack(0x0000009454d00000,0x0000009454e00000)]

Other Threads:
  0x0000025ef91a7550 VMThread "VM Thread" [stack: 0x0000009452b00000,0x0000009452c00000] [id=3788]
  0x0000025efe2c97e0 WatcherThread "VM Periodic Task Thread" [stack: 0x0000009453900000,0x0000009453a00000] [id=20616]
  0x0000025ed8789730 WorkerThread "GC Thread#0" [stack: 0x0000009452600000,0x0000009452700000] [id=21352]
  0x0000025efe1c7110 WorkerThread "GC Thread#1" [stack: 0x0000009454600000,0x0000009454700000] [id=25244]
  0x0000025efe1c49d0 WorkerThread "GC Thread#2" [stack: 0x0000009454700000,0x0000009454800000] [id=21268]
  0x0000025efed238f0 WorkerThread "GC Thread#3" [stack: 0x0000009454800000,0x0000009454900000] [id=8376]
  0x0000025efdeb2830 WorkerThread "GC Thread#4" [stack: 0x0000009454900000,0x0000009454a00000] [id=24092]
  0x0000025efe728cf0 WorkerThread "GC Thread#5" [stack: 0x0000009454a00000,0x0000009454b00000] [id=29416]
  0x0000025ed863d770 ConcurrentGCThread "G1 Main Marker" [stack: 0x0000009452700000,0x0000009452800000] [id=16944]
  0x0000025ed87955c0 WorkerThread "G1 Conc#0" [stack: 0x0000009452800000,0x0000009452900000] [id=744]
  0x0000025ef90644e0 ConcurrentGCThread "G1 Refine#0" [stack: 0x0000009452900000,0x0000009452a00000] [id=26012]
  0x0000025ef9064d90 ConcurrentGCThread "G1 Service" [stack: 0x0000009452a00000,0x0000009452b00000] [id=15700]

Threads with active compile tasks:
C2 CompilerThread0     1410 1309       4       java.io.DataInputStream::readUTF (501 bytes)
C2 CompilerThread1     1410 1421   !   4       com.sun.javafx.css.ParsedValueImpl::readBinary (691 bytes)
C2 CompilerThread2     1410 1501   !   4       java.util.zip.InflaterInputStream::read (129 bytes)

VM state: not at safepoint (normal execution)

VM Mutex/Monitor currently owned by a thread: None

Heap address: 0x0000000720e00000, size: 3570 MB, Compressed Oops mode: Zero based, Oop shift amount: 3

CDS archive(s) mapped at: [0x0000000800000000-0x0000000800c60000-0x0000000800c60000), size 12976128, SharedBaseAddress: 0x0000000800000000, ArchiveRelocationMode: 0.
Compressed class space mapped at: 0x0000000801000000-0x0000000841000000, reserved size: 1073741824
Narrow klass base: 0x0000000800000000, Narrow klass shift: 0, Narrow klass range: 0x100000000

GC Precious Log:
 CardTable entry size: 512
 Card Set container configuration: InlinePtr #cards 4 size 8 Array Of Cards #cards 16 size 48 Howl #buckets 8 coarsen threshold 3686 Howl Bitmap #cards 512 size 80 coarsen threshold 460 Card regions per heap region 1 cards per card region 4096
 CPUs: 8 total, 8 available
 Memory: 14273M
 Large Page Support: Disabled
 NUMA Support: Disabled
 Compressed Oops: Enabled (Zero based)
 Heap Region Size: 2M
 Heap Min Capacity: 8M
 Heap Initial Capacity: 224M
 Heap Max Capacity: 3570M
 Pre-touch: Disabled
 Parallel Workers: 8
 Concurrent Workers: 2
 Concurrent Refinement Workers: 8
 Periodic GC: Disabled

Heap:
 garbage-first heap   total 229376K, used 21034K [0x0000000720e00000, 0x0000000800000000)
  region size 2048K, 12 young (24576K), 2 survivors (4096K)
 Metaspace       used 10457K, committed 10816K, reserved 1114112K
  class space    used 1373K, committed 1536K, reserved 1048576K

Heap Regions: E=young(eden), S=young(survivor), O=old, HS=humongous(starts), HC=humongous(continues), CS=collection set, F=free, OA=open archive, CA=closed archive, TAMS=top-at-mark-start, PB=parsable bottom
|   0|0x0000000720e00000, 0x0000000720e00000, 0x0000000721000000|  0%| F|  |TAMS 0x0000000720e00000| PB 0x0000000720e00000| Untracked 
|   1|0x0000000721000000, 0x0000000721000000, 0x0000000721200000|  0%| F|  |TAMS 0x0000000721000000| PB 0x0000000721000000| Untracked 
|   2|0x0000000721200000, 0x0000000721200000, 0x0000000721400000|  0%| F|  |TAMS 0x0000000721200000| PB 0x0000000721200000| Untracked 
|   3|0x0000000721400000, 0x0000000721400000, 0x0000000721600000|  0%| F|  |TAMS 0x0000000721400000| PB 0x0000000721400000| Untracked 
|   4|0x0000000721600000, 0x0000000721600000, 0x0000000721800000|  0%| F|  |TAMS 0x0000000721600000| PB 0x0000000721600000| Untracked 
|   5|0x0000000721800000, 0x0000000721800000, 0x0000000721a00000|  0%| F|  |TAMS 0x0000000721800000| PB 0x0000000721800000| Untracked 
|   6|0x0000000721a00000, 0x0000000721a00000, 0x0000000721c00000|  0%| F|  |TAMS 0x0000000721a00000| PB 0x0000000721a00000| Untracked 
|   7|0x0000000721c00000, 0x0000000721c00000, 0x0000000721e00000|  0%| F|  |TAMS 0x0000000721c00000| PB 0x0000000721c00000| Untracked 
|   8|0x0000000721e00000, 0x0000000721e00000, 0x0000000722000000|  0%| F|  |TAMS 0x0000000721e00000| PB 0x0000000721e00000| Untracked 
|   9|0x0000000722000000, 0x0000000722000000, 0x0000000722200000|  0%| F|  |TAMS 0x0000000722000000| PB 0x0000000722000000| Untracked 
|  10|0x0000000722200000, 0x0000000722200000, 0x0000000722400000|  0%| F|  |TAMS 0x0000000722200000| PB 0x0000000722200000| Untracked 
|  11|0x0000000722400000, 0x0000000722400000, 0x0000000722600000|  0%| F|  |TAMS 0x0000000722400000| PB 0x0000000722400000| Untracked 
|  12|0x0000000722600000, 0x0000000722600000, 0x0000000722800000|  0%| F|  |TAMS 0x0000000722600000| PB 0x0000000722600000| Untracked 
|  13|0x0000000722800000, 0x0000000722800000, 0x0000000722a00000|  0%| F|  |TAMS 0x0000000722800000| PB 0x0000000722800000| Untracked 
|  14|0x0000000722a00000, 0x0000000722a00000, 0x0000000722c00000|  0%| F|  |TAMS 0x0000000722a00000| PB 0x0000000722a00000| Untracked 
|  15|0x0000000722c00000, 0x0000000722c00000, 0x0000000722e00000|  0%| F|  |TAMS 0x0000000722c00000| PB 0x0000000722c00000| Untracked 
|  16|0x0000000722e00000, 0x0000000722e00000, 0x0000000723000000|  0%| F|  |TAMS 0x0000000722e00000| PB 0x0000000722e00000| Untracked 
|  17|0x0000000723000000, 0x0000000723000000, 0x0000000723200000|  0%| F|  |TAMS 0x0000000723000000| PB 0x0000000723000000| Untracked 
|  18|0x0000000723200000, 0x0000000723200000, 0x0000000723400000|  0%| F|  |TAMS 0x0000000723200000| PB 0x0000000723200000| Untracked 
|  19|0x0000000723400000, 0x0000000723400000, 0x0000000723600000|  0%| F|  |TAMS 0x0000000723400000| PB 0x0000000723400000| Untracked 
|  20|0x0000000723600000, 0x0000000723600000, 0x0000000723800000|  0%| F|  |TAMS 0x0000000723600000| PB 0x0000000723600000| Untracked 
|  21|0x0000000723800000, 0x0000000723800000, 0x0000000723a00000|  0%| F|  |TAMS 0x0000000723800000| PB 0x0000000723800000| Untracked 
|  22|0x0000000723a00000, 0x0000000723a00000, 0x0000000723c00000|  0%| F|  |TAMS 0x0000000723a00000| PB 0x0000000723a00000| Untracked 
|  23|0x0000000723c00000, 0x0000000723c00000, 0x0000000723e00000|  0%| F|  |TAMS 0x0000000723c00000| PB 0x0000000723c00000| Untracked 
|  24|0x0000000723e00000, 0x0000000723e00000, 0x0000000724000000|  0%| F|  |TAMS 0x0000000723e00000| PB 0x0000000723e00000| Untracked 
|  25|0x0000000724000000, 0x0000000724000000, 0x0000000724200000|  0%| F|  |TAMS 0x0000000724000000| PB 0x0000000724000000| Untracked 
|  26|0x0000000724200000, 0x0000000724200000, 0x0000000724400000|  0%| F|  |TAMS 0x0000000724200000| PB 0x0000000724200000| Untracked 
|  27|0x0000000724400000, 0x0000000724400000, 0x0000000724600000|  0%| F|  |TAMS 0x0000000724400000| PB 0x0000000724400000| Untracked 
|  28|0x0000000724600000, 0x0000000724600000, 0x0000000724800000|  0%| F|  |TAMS 0x0000000724600000| PB 0x0000000724600000| Untracked 
|  29|0x0000000724800000, 0x0000000724800000, 0x0000000724a00000|  0%| F|  |TAMS 0x0000000724800000| PB 0x0000000724800000| Untracked 
|  30|0x0000000724a00000, 0x0000000724a00000, 0x0000000724c00000|  0%| F|  |TAMS 0x0000000724a00000| PB 0x0000000724a00000| Untracked 
|  31|0x0000000724c00000, 0x0000000724c00000, 0x0000000724e00000|  0%| F|  |TAMS 0x0000000724c00000| PB 0x0000000724c00000| Untracked 
|  32|0x0000000724e00000, 0x0000000724e00000, 0x0000000725000000|  0%| F|  |TAMS 0x0000000724e00000| PB 0x0000000724e00000| Untracked 
|  33|0x0000000725000000, 0x0000000725000000, 0x0000000725200000|  0%| F|  |TAMS 0x0000000725000000| PB 0x0000000725000000| Untracked 
|  34|0x0000000725200000, 0x0000000725200000, 0x0000000725400000|  0%| F|  |TAMS 0x0000000725200000| PB 0x0000000725200000| Untracked 
|  35|0x0000000725400000, 0x0000000725400000, 0x0000000725600000|  0%| F|  |TAMS 0x0000000725400000| PB 0x0000000725400000| Untracked 
|  36|0x0000000725600000, 0x0000000725600000, 0x0000000725800000|  0%| F|  |TAMS 0x0000000725600000| PB 0x0000000725600000| Untracked 
|  37|0x0000000725800000, 0x0000000725800000, 0x0000000725a00000|  0%| F|  |TAMS 0x0000000725800000| PB 0x0000000725800000| Untracked 
|  38|0x0000000725a00000, 0x0000000725a00000, 0x0000000725c00000|  0%| F|  |TAMS 0x0000000725a00000| PB 0x0000000725a00000| Untracked 
|  39|0x0000000725c00000, 0x0000000725c00000, 0x0000000725e00000|  0%| F|  |TAMS 0x0000000725c00000| PB 0x0000000725c00000| Untracked 
|  40|0x0000000725e00000, 0x0000000725e00000, 0x0000000726000000|  0%| F|  |TAMS 0x0000000725e00000| PB 0x0000000725e00000| Untracked 
|  41|0x0000000726000000, 0x0000000726000000, 0x0000000726200000|  0%| F|  |TAMS 0x0000000726000000| PB 0x0000000726000000| Untracked 
|  42|0x0000000726200000, 0x0000000726200000, 0x0000000726400000|  0%| F|  |TAMS 0x0000000726200000| PB 0x0000000726200000| Untracked 
|  43|0x0000000726400000, 0x0000000726400000, 0x0000000726600000|  0%| F|  |TAMS 0x0000000726400000| PB 0x0000000726400000| Untracked 
|  44|0x0000000726600000, 0x0000000726600000, 0x0000000726800000|  0%| F|  |TAMS 0x0000000726600000| PB 0x0000000726600000| Untracked 
|  45|0x0000000726800000, 0x0000000726800000, 0x0000000726a00000|  0%| F|  |TAMS 0x0000000726800000| PB 0x0000000726800000| Untracked 
|  46|0x0000000726a00000, 0x0000000726a00000, 0x0000000726c00000|  0%| F|  |TAMS 0x0000000726a00000| PB 0x0000000726a00000| Untracked 
|  47|0x0000000726c00000, 0x0000000726c00000, 0x0000000726e00000|  0%| F|  |TAMS 0x0000000726c00000| PB 0x0000000726c00000| Untracked 
|  48|0x0000000726e00000, 0x0000000726e00000, 0x0000000727000000|  0%| F|  |TAMS 0x0000000726e00000| PB 0x0000000726e00000| Untracked 
|  49|0x0000000727000000, 0x0000000727000000, 0x0000000727200000|  0%| F|  |TAMS 0x0000000727000000| PB 0x0000000727000000| Untracked 
|  50|0x0000000727200000, 0x0000000727200000, 0x0000000727400000|  0%| F|  |TAMS 0x0000000727200000| PB 0x0000000727200000| Untracked 
|  51|0x0000000727400000, 0x0000000727400000, 0x0000000727600000|  0%| F|  |TAMS 0x0000000727400000| PB 0x0000000727400000| Untracked 
|  52|0x0000000727600000, 0x0000000727600000, 0x0000000727800000|  0%| F|  |TAMS 0x0000000727600000| PB 0x0000000727600000| Untracked 
|  53|0x0000000727800000, 0x0000000727800000, 0x0000000727a00000|  0%| F|  |TAMS 0x0000000727800000| PB 0x0000000727800000| Untracked 
|  54|0x0000000727a00000, 0x0000000727a00000, 0x0000000727c00000|  0%| F|  |TAMS 0x0000000727a00000| PB 0x0000000727a00000| Untracked 
|  55|0x0000000727c00000, 0x0000000727c00000, 0x0000000727e00000|  0%| F|  |TAMS 0x0000000727c00000| PB 0x0000000727c00000| Untracked 
|  56|0x0000000727e00000, 0x0000000727e00000, 0x0000000728000000|  0%| F|  |TAMS 0x0000000727e00000| PB 0x0000000727e00000| Untracked 
|  57|0x0000000728000000, 0x0000000728000000, 0x0000000728200000|  0%| F|  |TAMS 0x0000000728000000| PB 0x0000000728000000| Untracked 
|  58|0x0000000728200000, 0x0000000728200000, 0x0000000728400000|  0%| F|  |TAMS 0x0000000728200000| PB 0x0000000728200000| Untracked 
|  59|0x0000000728400000, 0x0000000728400000, 0x0000000728600000|  0%| F|  |TAMS 0x0000000728400000| PB 0x0000000728400000| Untracked 
|  60|0x0000000728600000, 0x0000000728600000, 0x0000000728800000|  0%| F|  |TAMS 0x0000000728600000| PB 0x0000000728600000| Untracked 
|  61|0x0000000728800000, 0x0000000728800000, 0x0000000728a00000|  0%| F|  |TAMS 0x0000000728800000| PB 0x0000000728800000| Untracked 
|  62|0x0000000728a00000, 0x0000000728a00000, 0x0000000728c00000|  0%| F|  |TAMS 0x0000000728a00000| PB 0x0000000728a00000| Untracked 
|  63|0x0000000728c00000, 0x0000000728c00000, 0x0000000728e00000|  0%| F|  |TAMS 0x0000000728c00000| PB 0x0000000728c00000| Untracked 
|  64|0x0000000728e00000, 0x0000000728e00000, 0x0000000729000000|  0%| F|  |TAMS 0x0000000728e00000| PB 0x0000000728e00000| Untracked 
|  65|0x0000000729000000, 0x0000000729000000, 0x0000000729200000|  0%| F|  |TAMS 0x0000000729000000| PB 0x0000000729000000| Untracked 
|  66|0x0000000729200000, 0x0000000729200000, 0x0000000729400000|  0%| F|  |TAMS 0x0000000729200000| PB 0x0000000729200000| Untracked 
|  67|0x0000000729400000, 0x0000000729400000, 0x0000000729600000|  0%| F|  |TAMS 0x0000000729400000| PB 0x0000000729400000| Untracked 
|  68|0x0000000729600000, 0x0000000729600000, 0x0000000729800000|  0%| F|  |TAMS 0x0000000729600000| PB 0x0000000729600000| Untracked 
|  69|0x0000000729800000, 0x0000000729800000, 0x0000000729a00000|  0%| F|  |TAMS 0x0000000729800000| PB 0x0000000729800000| Untracked 
|  70|0x0000000729a00000, 0x0000000729a00000, 0x0000000729c00000|  0%| F|  |TAMS 0x0000000729a00000| PB 0x0000000729a00000| Untracked 
|  71|0x0000000729c00000, 0x0000000729c00000, 0x0000000729e00000|  0%| F|  |TAMS 0x0000000729c00000| PB 0x0000000729c00000| Untracked 
|  72|0x0000000729e00000, 0x0000000729e00000, 0x000000072a000000|  0%| F|  |TAMS 0x0000000729e00000| PB 0x0000000729e00000| Untracked 
|  73|0x000000072a000000, 0x000000072a000000, 0x000000072a200000|  0%| F|  |TAMS 0x000000072a000000| PB 0x000000072a000000| Untracked 
|  74|0x000000072a200000, 0x000000072a200000, 0x000000072a400000|  0%| F|  |TAMS 0x000000072a200000| PB 0x000000072a200000| Untracked 
|  75|0x000000072a400000, 0x000000072a400000, 0x000000072a600000|  0%| F|  |TAMS 0x000000072a400000| PB 0x000000072a400000| Untracked 
|  76|0x000000072a600000, 0x000000072a600000, 0x000000072a800000|  0%| F|  |TAMS 0x000000072a600000| PB 0x000000072a600000| Untracked 
|  77|0x000000072a800000, 0x000000072a800000, 0x000000072aa00000|  0%| F|  |TAMS 0x000000072a800000| PB 0x000000072a800000| Untracked 
|  78|0x000000072aa00000, 0x000000072aa00000, 0x000000072ac00000|  0%| F|  |TAMS 0x000000072aa00000| PB 0x000000072aa00000| Untracked 
|  79|0x000000072ac00000, 0x000000072ac00000, 0x000000072ae00000|  0%| F|  |TAMS 0x000000072ac00000| PB 0x000000072ac00000| Untracked 
|  80|0x000000072ae00000, 0x000000072ae00000, 0x000000072b000000|  0%| F|  |TAMS 0x000000072ae00000| PB 0x000000072ae00000| Untracked 
|  81|0x000000072b000000, 0x000000072b000000, 0x000000072b200000|  0%| F|  |TAMS 0x000000072b000000| PB 0x000000072b000000| Untracked 
|  82|0x000000072b200000, 0x000000072b200000, 0x000000072b400000|  0%| F|  |TAMS 0x000000072b200000| PB 0x000000072b200000| Untracked 
|  83|0x000000072b400000, 0x000000072b400000, 0x000000072b600000|  0%| F|  |TAMS 0x000000072b400000| PB 0x000000072b400000| Untracked 
|  84|0x000000072b600000, 0x000000072b600000, 0x000000072b800000|  0%| F|  |TAMS 0x000000072b600000| PB 0x000000072b600000| Untracked 
|  85|0x000000072b800000, 0x000000072b800000, 0x000000072ba00000|  0%| F|  |TAMS 0x000000072b800000| PB 0x000000072b800000| Untracked 
|  86|0x000000072ba00000, 0x000000072ba00000, 0x000000072bc00000|  0%| F|  |TAMS 0x000000072ba00000| PB 0x000000072ba00000| Untracked 
|  87|0x000000072bc00000, 0x000000072bc00000, 0x000000072be00000|  0%| F|  |TAMS 0x000000072bc00000| PB 0x000000072bc00000| Untracked 
|  88|0x000000072be00000, 0x000000072be00000, 0x000000072c000000|  0%| F|  |TAMS 0x000000072be00000| PB 0x000000072be00000| Untracked 
|  89|0x000000072c000000, 0x000000072c000000, 0x000000072c200000|  0%| F|  |TAMS 0x000000072c000000| PB 0x000000072c000000| Untracked 
|  90|0x000000072c200000, 0x000000072c200000, 0x000000072c400000|  0%| F|  |TAMS 0x000000072c200000| PB 0x000000072c200000| Untracked 
|  91|0x000000072c400000, 0x000000072c400000, 0x000000072c600000|  0%| F|  |TAMS 0x000000072c400000| PB 0x000000072c400000| Untracked 
|  92|0x000000072c600000, 0x000000072c600000, 0x000000072c800000|  0%| F|  |TAMS 0x000000072c600000| PB 0x000000072c600000| Untracked 
|  93|0x000000072c800000, 0x000000072c800000, 0x000000072ca00000|  0%| F|  |TAMS 0x000000072c800000| PB 0x000000072c800000| Untracked 
|  94|0x000000072ca00000, 0x000000072ca00000, 0x000000072cc00000|  0%| F|  |TAMS 0x000000072ca00000| PB 0x000000072ca00000| Untracked 
|  95|0x000000072cc00000, 0x000000072cc00000, 0x000000072ce00000|  0%| F|  |TAMS 0x000000072cc00000| PB 0x000000072cc00000| Untracked 
|  96|0x000000072ce00000, 0x000000072ce00000, 0x000000072d000000|  0%| F|  |TAMS 0x000000072ce00000| PB 0x000000072ce00000| Untracked 
|  97|0x000000072d000000, 0x000000072d000000, 0x000000072d200000|  0%| F|  |TAMS 0x000000072d000000| PB 0x000000072d000000| Untracked 
|  98|0x000000072d200000, 0x000000072d200000, 0x000000072d400000|  0%| F|  |TAMS 0x000000072d200000| PB 0x000000072d200000| Untracked 
|  99|0x000000072d400000, 0x000000072d48aa88, 0x000000072d600000| 27%| S|CS|TAMS 0x000000072d400000| PB 0x000000072d400000| Complete 
| 100|0x000000072d600000, 0x000000072d800000, 0x000000072d800000|100%| S|CS|TAMS 0x000000072d600000| PB 0x000000072d600000| Complete 
| 101|0x000000072d800000, 0x000000072d800000, 0x000000072da00000|  0%| F|  |TAMS 0x000000072d800000| PB 0x000000072d800000| Untracked 
| 102|0x000000072da00000, 0x000000072db3e730, 0x000000072dc00000| 62%| E|  |TAMS 0x000000072da00000| PB 0x000000072da00000| Complete 
| 103|0x000000072dc00000, 0x000000072de00000, 0x000000072de00000|100%| E|CS|TAMS 0x000000072dc00000| PB 0x000000072dc00000| Complete 
| 104|0x000000072de00000, 0x000000072e000000, 0x000000072e000000|100%| E|CS|TAMS 0x000000072de00000| PB 0x000000072de00000| Complete 
| 105|0x000000072e000000, 0x000000072e200000, 0x000000072e200000|100%| E|CS|TAMS 0x000000072e000000| PB 0x000000072e000000| Complete 
| 106|0x000000072e200000, 0x000000072e400000, 0x000000072e400000|100%| E|CS|TAMS 0x000000072e200000| PB 0x000000072e200000| Complete 
| 107|0x000000072e400000, 0x000000072e600000, 0x000000072e600000|100%| E|CS|TAMS 0x000000072e400000| PB 0x000000072e400000| Complete 
| 108|0x000000072e600000, 0x000000072e800000, 0x000000072e800000|100%| E|CS|TAMS 0x000000072e600000| PB 0x000000072e600000| Complete 
| 109|0x000000072e800000, 0x000000072ea00000, 0x000000072ea00000|100%| E|CS|TAMS 0x000000072e800000| PB 0x000000072e800000| Complete 
| 110|0x000000072ea00000, 0x000000072ec00000, 0x000000072ec00000|100%| E|CS|TAMS 0x000000072ea00000| PB 0x000000072ea00000| Complete 
| 111|0x000000072ec00000, 0x000000072ee00000, 0x000000072ee00000|100%| E|CS|TAMS 0x000000072ec00000| PB 0x000000072ec00000| Complete 

Card table byte_map: [0x0000025ef2140000,0x0000025ef2840000] _byte_map_base: 0x0000025eee839000

Marking Bits: (CMBitMap*) 0x0000025ed8789c60
 Bits: [0x0000025ef2f40000, 0x0000025ef6708000)

Polling page: 0x0000025ed87e0000

Metaspace:

Usage:
  Non-class:      8.91 MB used.
      Class:      1.37 MB used.
       Both:     10.28 MB used.

Virtual space:
  Non-class space:       64.00 MB reserved,       9.06 MB ( 14%) committed,  1 nodes.
      Class space:        1.00 GB reserved,       1.50 MB ( <1%) committed,  1 nodes.
             Both:        1.06 GB reserved,      10.56 MB ( <1%) committed. 

Chunk freelists:
   Non-Class:  2.88 MB
       Class:  2.45 MB
        Both:  5.33 MB

MaxMetaspaceSize: unlimited
CompressedClassSpaceSize: 1.00 GB
Initial GC threshold: 21.00 MB
Current GC threshold: 21.00 MB
CDS: on
MetaspaceReclaimPolicy: balanced
 - commit_granule_bytes: 65536.
 - commit_granule_words: 8192.
 - virtual_space_node_default_size: 8388608.
 - enlarge_chunks_in_place: 1.
 - new_chunks_are_fully_committed: 0.
 - uncommit_free_chunks: 1.
 - use_allocation_guard: 0.


Internal statistics:

num_allocs_failed_limit: 0.
num_arena_births: 280.
num_arena_deaths: 0.
num_vsnodes_births: 2.
num_vsnodes_deaths: 0.
num_space_committed: 169.
num_space_uncommitted: 0.
num_chunks_returned_to_freelist: 0.
num_chunks_taken_from_freelist: 567.
num_chunk_merges: 0.
num_chunk_splits: 379.
num_chunks_enlarged: 272.
num_inconsistent_stats: 0.

CodeHeap 'non-profiled nmethods': size=120000Kb used=507Kb max_used=507Kb free=119492Kb
 bounds [0x0000025ee9a70000, 0x0000025ee9ce0000, 0x0000025ef0fa0000]
CodeHeap 'profiled nmethods': size=120000Kb used=2548Kb max_used=2548Kb free=117451Kb
 bounds [0x0000025ee1fa0000, 0x0000025ee2220000, 0x0000025ee94d0000]
CodeHeap 'non-nmethods': size=5760Kb used=1625Kb max_used=1639Kb free=4134Kb
 bounds [0x0000025ee94d0000, 0x0000025ee9740000, 0x0000025ee9a70000]
 total_blobs=2123 nmethods=1496 adapters=537
 compilation: enabled
              stopped_count=0, restarted_count=0
 full_count=0

Compilation events (20 events):
Event: 1.365 Thread 0x0000025ef91d6770 1471       3       java.lang.invoke.InvokerBytecodeGenerator::isStaticallyNameable (148 bytes)
Event: 1.366 Thread 0x0000025ef91d6770 nmethod 1471 0x0000025ee220c290 code [0x0000025ee220c520, 0x0000025ee220d030]
Event: 1.366 Thread 0x0000025ef91d6770 1472       3       java.lang.invoke.MethodHandles$Lookup::findBoundCallerLookup (30 bytes)
Event: 1.367 Thread 0x0000025ef91d6770 nmethod 1472 0x0000025ee220d310 code [0x0000025ee220d500, 0x0000025ee220db90]
Event: 1.367 Thread 0x0000025ef91d6770 1473       3       java.lang.invoke.MethodHandles$Lookup::getDirectMethodCommon (280 bytes)
Event: 1.368 Thread 0x0000025ef91d6770 nmethod 1473 0x0000025ee220dd90 code [0x0000025ee220e0a0, 0x0000025ee220f100]
Event: 1.368 Thread 0x0000025ef91d6770 1475       3       com.sun.org.apache.xerces.internal.impl.XMLEntityScanner::checkEntityLimit (50 bytes)
Event: 1.369 Thread 0x0000025ef91d6770 nmethod 1475 0x0000025ee220f690 code [0x0000025ee220f840, 0x0000025ee220fb80]
Event: 1.369 Thread 0x0000025ef91d6770 1474       3       java.lang.invoke.MethodHandles$Lookup::maybeBindCaller (72 bytes)
Event: 1.369 Thread 0x0000025ef91d6770 nmethod 1474 0x0000025ee220fc90 code [0x0000025ee220fea0, 0x0000025ee2210650]
Event: 1.372 Thread 0x0000025efea1ba20 nmethod 1420 0x0000025ee9aec510 code [0x0000025ee9aec6a0, 0x0000025ee9aeca40]
Event: 1.372 Thread 0x0000025efea1ba20 1448       4       java.util.AbstractCollection::<init> (5 bytes)
Event: 1.372 Thread 0x0000025efea1ba20 nmethod 1448 0x0000025ee9aecc90 code [0x0000025ee9aece00, 0x0000025ee9aece88]
Event: 1.372 Thread 0x0000025efea1ba20 1422       4       com.sun.javafx.css.ParsedValueImpl::<init> (38 bytes)
Event: 1.375 Thread 0x0000025ef91d6770 1477       3       com.sun.javafx.fxml.BeanAdapter$MethodCache::getMethod (99 bytes)
Event: 1.375 Thread 0x0000025ef91d6770 nmethod 1477 0x0000025ee2210910 code [0x0000025ee2210b60, 0x0000025ee22115f8]
Event: 1.382 Thread 0x0000025ef91d6770 1478       3       jdk.internal.misc.Unsafe::checkPointer (19 bytes)
Event: 1.382 Thread 0x0000025ef91d6770 nmethod 1478 0x0000025ee2211910 code [0x0000025ee2211ac0, 0x0000025ee2211e58]
Event: 1.383 Thread 0x0000025ef91d6770 1479       3       jdk.internal.misc.Unsafe::checkPrimitivePointer (19 bytes)
Event: 1.384 Thread 0x0000025ef91d6770 nmethod 1479 0x0000025ee2211f90 code [0x0000025ee2212180, 0x0000025ee22127a0]

GC Heap History (2 events):
Event: 0.956 GC heap before
{Heap before GC invocations=0 (full 0):
 garbage-first heap   total 229376K, used 22528K [0x0000000720e00000, 0x0000000800000000)
  region size 2048K, 11 young (22528K), 0 survivors (0K)
 Metaspace       used 4961K, committed 5184K, reserved 1114112K
  class space    used 567K, committed 640K, reserved 1048576K
}
Event: 0.959 GC heap after
{Heap after GC invocations=1 (full 0):
 garbage-first heap   total 229376K, used 2602K [0x0000000720e00000, 0x0000000800000000)
  region size 2048K, 2 young (4096K), 2 survivors (4096K)
 Metaspace       used 4961K, committed 5184K, reserved 1114112K
  class space    used 567K, committed 640K, reserved 1048576K
}

Dll operation events (20 events):
Event: 0.568 Loaded shared library C:\Users\PC\.openjfx\cache\20+19\amd64\api-ms-win-crt-locale-l1-1-0.dll
Event: 0.574 Loaded shared library C:\Users\PC\.openjfx\cache\20+19\amd64\api-ms-win-crt-math-l1-1-0.dll
Event: 0.580 Loaded shared library C:\Users\PC\.openjfx\cache\20+19\amd64\api-ms-win-crt-multibyte-l1-1-0.dll
Event: 0.586 Loaded shared library C:\Users\PC\.openjfx\cache\20+19\amd64\api-ms-win-crt-private-l1-1-0.dll
Event: 0.591 Loaded shared library C:\Users\PC\.openjfx\cache\20+19\amd64\api-ms-win-crt-process-l1-1-0.dll
Event: 0.597 Loaded shared library C:\Users\PC\.openjfx\cache\20+19\amd64\api-ms-win-crt-runtime-l1-1-0.dll
Event: 0.603 Loaded shared library C:\Users\PC\.openjfx\cache\20+19\amd64\api-ms-win-crt-stdio-l1-1-0.dll
Event: 0.610 Loaded shared library C:\Users\PC\.openjfx\cache\20+19\amd64\api-ms-win-crt-string-l1-1-0.dll
Event: 0.616 Loaded shared library C:\Users\PC\.openjfx\cache\20+19\amd64\api-ms-win-crt-time-l1-1-0.dll
Event: 0.622 Loaded shared library C:\Users\PC\.openjfx\cache\20+19\amd64\api-ms-win-crt-utility-l1-1-0.dll
Event: 0.643 Loaded shared library C:\Users\PC\.openjfx\cache\20+19\amd64\ucrtbase.dll
Event: 0.650 Loaded shared library C:\Users\PC\.openjfx\cache\20+19\amd64\vcruntime140.dll
Event: 0.655 Loaded shared library C:\Users\PC\.openjfx\cache\20+19\amd64\vcruntime140_1.dll
Event: 0.667 Loaded shared library C:\Users\PC\.openjfx\cache\20+19\amd64\msvcp140.dll
Event: 0.672 Loaded shared library C:\Users\PC\.openjfx\cache\20+19\amd64\msvcp140_1.dll
Event: 0.678 Loaded shared library C:\Users\PC\.openjfx\cache\20+19\amd64\msvcp140_2.dll
Event: 0.731 Loaded shared library C:\Users\PC\.openjfx\cache\20+19\amd64\prism_d3d.dll
Event: 0.797 Loaded shared library C:\Users\PC\.openjfx\cache\20+19\amd64\glass.dll
Event: 0.973 Loaded shared library D:\Program Files\Java\jdk-20.0.1\bin\jimage.dll
Event: 1.143 Loaded shared library C:\Users\PC\.openjfx\cache\20+19\amd64\javafx_font.dll

Deoptimization events (20 events):
Event: 1.300 Thread 0x0000025efe11e590 Uncommon trap: trap_request=0xffffffde fr.pc=0x0000025ee9ad8304 relative=0x0000000000000244
Event: 1.300 Thread 0x0000025efe11e590 Uncommon trap: reason=class_check action=maybe_recompile pc=0x0000025ee9ad8304 method=java.util.HashMap.getNode(Ljava/lang/Object;)Ljava/util/HashMap$Node; @ 63 c2
Event: 1.300 Thread 0x0000025efe11e590 DEOPT PACKING pc=0x0000025ee9ad8304 sp=0x0000009453bfcde0
Event: 1.300 Thread 0x0000025efe11e590 DEOPT UNPACKING pc=0x0000025ee9539d22 sp=0x0000009453bfcd48 mode 2
Event: 1.301 Thread 0x0000025efe11e590 Uncommon trap: trap_request=0xffffff45 fr.pc=0x0000025ee9ad8cf8 relative=0x0000000000000478
Event: 1.301 Thread 0x0000025efe11e590 Uncommon trap: reason=unstable_if action=reinterpret pc=0x0000025ee9ad8cf8 method=java.util.HashMap.putVal(ILjava/lang/Object;Ljava/lang/Object;ZZ)Ljava/lang/Object; @ 162 c2
Event: 1.301 Thread 0x0000025efe11e590 DEOPT PACKING pc=0x0000025ee9ad8cf8 sp=0x0000009453bfccf0
Event: 1.301 Thread 0x0000025efe11e590 DEOPT UNPACKING pc=0x0000025ee9539d22 sp=0x0000009453bfcc90 mode 2
Event: 1.348 Thread 0x0000025efe11e590 Uncommon trap: trap_request=0xffffffc6 fr.pc=0x0000025ee9ace49c relative=0x00000000000002dc
Event: 1.348 Thread 0x0000025efe11e590 Uncommon trap: reason=bimorphic_or_optimized_type_check action=maybe_recompile pc=0x0000025ee9ace49c method=java.util.concurrent.ConcurrentHashMap.get(Ljava/lang/Object;)Ljava/lang/Object; @ 149 c2
Event: 1.348 Thread 0x0000025efe11e590 DEOPT PACKING pc=0x0000025ee9ace49c sp=0x0000009453bfd390
Event: 1.348 Thread 0x0000025efe11e590 DEOPT UNPACKING pc=0x0000025ee9539d22 sp=0x0000009453bfd300 mode 2
Event: 1.357 Thread 0x0000025efe11e590 Uncommon trap: trap_request=0xffffffc6 fr.pc=0x0000025ee9ace49c relative=0x00000000000002dc
Event: 1.357 Thread 0x0000025efe11e590 Uncommon trap: reason=bimorphic_or_optimized_type_check action=maybe_recompile pc=0x0000025ee9ace49c method=java.util.concurrent.ConcurrentHashMap.get(Ljava/lang/Object;)Ljava/lang/Object; @ 149 c2
Event: 1.357 Thread 0x0000025efe11e590 DEOPT PACKING pc=0x0000025ee9ace49c sp=0x0000009453bfd8b0
Event: 1.357 Thread 0x0000025efe11e590 DEOPT UNPACKING pc=0x0000025ee9539d22 sp=0x0000009453bfd820 mode 2
Event: 1.358 Thread 0x0000025efe11e590 Uncommon trap: trap_request=0xffffffc6 fr.pc=0x0000025ee9ace49c relative=0x00000000000002dc
Event: 1.358 Thread 0x0000025efe11e590 Uncommon trap: reason=bimorphic_or_optimized_type_check action=maybe_recompile pc=0x0000025ee9ace49c method=java.util.concurrent.ConcurrentHashMap.get(Ljava/lang/Object;)Ljava/lang/Object; @ 149 c2
Event: 1.358 Thread 0x0000025efe11e590 DEOPT PACKING pc=0x0000025ee9ace49c sp=0x0000009453bfd8b0
Event: 1.358 Thread 0x0000025efe11e590 DEOPT UNPACKING pc=0x0000025ee9539d22 sp=0x0000009453bfd820 mode 2

Classes loaded (20 events):
Event: 1.282 Loading class java/util/AbstractList$RandomAccessSubList
Event: 1.282 Loading class java/util/AbstractList$SubList
Event: 1.282 Loading class java/util/AbstractList$SubList done
Event: 1.282 Loading class java/util/AbstractList$RandomAccessSubList done
Event: 1.282 Loading class java/util/AbstractList$SubList$1
Event: 1.282 Loading class java/util/AbstractList$SubList$1 done
Event: 1.282 Loading class java/util/AbstractList$ListItr
Event: 1.282 Loading class java/util/AbstractList$ListItr done
Event: 1.326 Loading class java/util/WeakHashMap$Values
Event: 1.326 Loading class java/util/WeakHashMap$Values done
Event: 1.326 Loading class java/util/WeakHashMap$ValueIterator
Event: 1.326 Loading class java/util/WeakHashMap$ValueIterator done
Event: 1.328 Loading class java/lang/CloneNotSupportedException
Event: 1.328 Loading class java/lang/CloneNotSupportedException done
Event: 1.345 Loading class java/lang/annotation/Documented
Event: 1.345 Loading class java/lang/annotation/Documented done
Event: 1.347 Loading class java/lang/reflect/UndeclaredThrowableException
Event: 1.347 Loading class java/lang/reflect/UndeclaredThrowableException done
Event: 1.350 Loading class java/lang/Class$AnnotationData
Event: 1.350 Loading class java/lang/Class$AnnotationData done

Classes unloaded (0 events):
No events

Classes redefined (0 events):
No events

Internal exceptions (20 events):
Event: 0.987 Thread 0x0000025efe11e590 Exception <a 'sun/nio/fs/WindowsException'{0x000000072eda5ba8}> (0x000000072eda5ba8) 
thrown [s\open\src\hotspot\share\prims\jni.cpp, line 519]
Event: 1.036 Thread 0x0000025ef91caa70 Exception <a 'sun/nio/fs/WindowsException'{0x000000072e899a40}> (0x000000072e899a40) 
thrown [s\open\src\hotspot\share\prims\jni.cpp, line 519]
Event: 1.051 Thread 0x0000025efe11e590 Exception <a 'java/lang/NoSuchMethodError'{0x000000072e6285b0}: 'java.lang.Object java.lang.invoke.DirectMethodHandle$Holder.invokeStaticInit(java.lang.Object, java.lang.Object, java.lang.Object, java.lang.Object)'> (0x000000072e6285b0) 
thrown [s\open\src\hotspot\share\interpreter\linkResolver.cpp, line 773]
Event: 1.052 Thread 0x0000025efe11e590 Exception <a 'java/lang/NullPointerException'{0x000000072e634010}> (0x000000072e634010) 
thrown [s\open\src\hotspot\share\interpreter\linkResolver.cpp, line 1373]
Event: 1.063 Thread 0x0000025efe11e590 Exception <a 'sun/nio/fs/WindowsException'{0x000000072e68e358}> (0x000000072e68e358) 
thrown [s\open\src\hotspot\share\prims\jni.cpp, line 519]
Event: 1.073 Thread 0x0000025efe11e590 Exception <a 'java/lang/ClassNotFoundException'{0x000000072e6b1550}: sun/util/logging/resources/spi/loggingProvider> (0x000000072e6b1550) 
thrown [s\open\src\hotspot\share\classfile\systemDictionary.cpp, line 305]
Event: 1.151 Thread 0x0000025efe11e590 Exception <a 'sun/nio/fs/WindowsException'{0x000000072e5ec630}> (0x000000072e5ec630) 
thrown [s\open\src\hotspot\share\prims\jni.cpp, line 519]
Event: 1.200 Thread 0x0000025efe11e590 Exception <a 'java/lang/NoSuchMethodError'{0x000000072e30f2f0}: 'void java.lang.invoke.DirectMethodHandle$Holder.invokeSpecial(java.lang.Object, java.lang.Object, double)'> (0x000000072e30f2f0) 
thrown [s\open\src\hotspot\share\interpreter\linkResolver.cpp, line 773]
Event: 1.201 Thread 0x0000025efe11e590 Exception <a 'java/lang/NoSuchMethodError'{0x000000072e319fd0}: 'double java.lang.invoke.DelegatingMethodHandle$Holder.reinvoke_L(java.lang.Object, java.lang.Object, int)'> (0x000000072e319fd0) 
thrown [s\open\src\hotspot\share\interpreter\linkResolver.cpp, line 773]
Event: 1.203 Thread 0x0000025efe11e590 Exception <a 'java/lang/NoSuchMethodError'{0x000000072e32eaa8}: 'java.lang.Object java.lang.invoke.DirectMethodHandle$Holder.invokeStatic(java.lang.Object, java.lang.Object, java.lang.Object, java.lang.Object, int)'> (0x000000072e32eaa8) 
thrown [s\open\src\hotspot\share\interpreter\linkResolver.cpp, line 773]
Event: 1.204 Thread 0x0000025efe11e590 Exception <a 'java/lang/NoSuchMethodError'{0x000000072e35a528}: 'void java.lang.invoke.DelegatingMethodHandle$Holder.reinvoke_L(java.lang.Object, java.lang.Object, double)'> (0x000000072e35a528) 
thrown [s\open\src\hotspot\share\interpreter\linkResolver.cpp, line 773]
Event: 1.241 Thread 0x0000025efe11e590 Exception <a 'java/lang/ClassNotFoundException'{0x000000072e1451e0}: com/sun/glass/ui/win/themes> (0x000000072e1451e0) 
thrown [s\open\src\hotspot\share\prims\jni.cpp, line 538]
Event: 1.242 Thread 0x0000025efe11e590 Exception <a 'java/lang/ClassNotFoundException'{0x000000072e14d240}: com/sun/glass/ui/win/themes_en> (0x000000072e14d240) 
thrown [s\open\src\hotspot\share\prims\jni.cpp, line 538]
Event: 1.243 Thread 0x0000025efe11e590 Exception <a 'java/lang/ClassNotFoundException'{0x000000072e1550c0}: com/sun/glass/ui/win/themes_en_US> (0x000000072e1550c0) 
thrown [s\open\src\hotspot\share\prims\jni.cpp, line 538]
Event: 1.326 Thread 0x0000025efe11e590 Exception <a 'java/lang/NoSuchMethodError'{0x000000072dc9d238}: 'void java.lang.invoke.DirectMethodHandle$Holder.invokeStaticInit(java.lang.Object, java.lang.Object)'> (0x000000072dc9d238) 
thrown [s\open\src\hotspot\share\interpreter\linkResolver.cpp, line 773]
Event: 1.359 Thread 0x0000025efe11e590 Exception <a 'java/lang/NoSuchMethodError'{0x000000072dd9b4a0}: 'void java.lang.invoke.Invokers$Holder.invokeExact_MT(java.lang.Object, java.lang.Object, java.lang.Object, java.lang.Object)'> (0x000000072dd9b4a0) 
thrown [s\open\src\hotspot\share\interpreter\linkResolver.cpp, line 773]
Event: 1.361 Thread 0x0000025efe11e590 Exception <a 'java/lang/NoSuchMethodError'{0x000000072dda3bc0}: 'void java.lang.invoke.DirectMethodHandle$Holder.invokeSpecial(java.lang.Object, java.lang.Object, int)'> (0x000000072dda3bc0) 
thrown [s\open\src\hotspot\share\interpreter\linkResolver.cpp, line 773]
Event: 1.362 Thread 0x0000025efe11e590 Exception <a 'java/lang/NoSuchMethodError'{0x000000072dda7df8}: 'int java.lang.invoke.DirectMethodHandle$Holder.invokeSpecial(java.lang.Object, java.lang.Object, java.lang.Object, int)'> (0x000000072dda7df8) 
thrown [s\open\src\hotspot\share\interpreter\linkResolver.cpp, line 773]
Event: 1.363 Thread 0x0000025efe11e590 Exception <a 'java/lang/NoSuchMethodError'{0x000000072ddb1f80}: 'void java.lang.invoke.DelegatingMethodHandle$Holder.reinvoke_L(java.lang.Object, java.lang.Object, int)'> (0x000000072ddb1f80) 
thrown [s\open\src\hotspot\share\interpreter\linkResolver.cpp, line 773]
Event: 1.364 Thread 0x0000025efe11e590 Exception <a 'java/lang/NoSuchMethodError'{0x000000072ddb59a8}: 'int java.lang.invoke.DirectMethodHandle$Holder.invokeSpecial(java.lang.Object, java.lang.Object, java.lang.Object)'> (0x000000072ddb59a8) 
thrown [s\open\src\hotspot\share\interpreter\linkResolver.cpp, line 773]

VM Operations (18 events):
Event: 0.204 Executing VM operation: HandshakeAllThreads
Event: 0.204 Executing VM operation: HandshakeAllThreads done
Event: 0.206 Executing VM operation: HandshakeAllThreads
Event: 0.206 Executing VM operation: HandshakeAllThreads done
Event: 0.226 Executing VM operation: HandshakeAllThreads
Event: 0.226 Executing VM operation: HandshakeAllThreads done
Event: 0.269 Executing VM operation: HandshakeAllThreads
Event: 0.269 Executing VM operation: HandshakeAllThreads done
Event: 0.786 Executing VM operation: HandshakeAllThreads
Event: 0.786 Executing VM operation: HandshakeAllThreads done
Event: 0.956 Executing VM operation: G1CollectForAllocation
Event: 0.959 Executing VM operation: G1CollectForAllocation done
Event: 1.088 Executing VM operation: HandshakeAllThreads
Event: 1.088 Executing VM operation: HandshakeAllThreads done
Event: 1.256 Executing VM operation: HandshakeAllThreads
Event: 1.256 Executing VM operation: HandshakeAllThreads done
Event: 1.364 Executing VM operation: ICBufferFull
Event: 1.364 Executing VM operation: ICBufferFull done

Events (20 events):
Event: 0.036 Thread 0x0000025ef91caa70 Thread added: 0x0000025ef91caa70
Event: 0.036 Thread 0x0000025ef91cb6f0 Thread added: 0x0000025ef91cb6f0
Event: 0.036 Thread 0x0000025ef91cc7d0 Thread added: 0x0000025ef91cc7d0
Event: 0.036 Thread 0x0000025ef91d5250 Thread added: 0x0000025ef91d5250
Event: 0.036 Thread 0x0000025ef91d6770 Thread added: 0x0000025ef91d6770
Event: 0.076 Thread 0x0000025ef9190e20 Thread added: 0x0000025ef9190e20
Event: 0.129 Thread 0x0000025efd58a290 Thread added: 0x0000025efd58a290
Event: 0.134 Thread 0x0000025efd59c3e0 Thread added: 0x0000025efd59c3e0
Event: 0.266 Thread 0x0000025efe594490 Thread added: 0x0000025efe594490
Event: 0.267 Thread 0x0000025efe18b6d0 Thread added: 0x0000025efe18b6d0
Event: 0.636 Thread 0x0000025efd59c3e0 Thread exited: 0x0000025efd59c3e0
Event: 0.720 Thread 0x0000025efea6e0e0 Thread added: 0x0000025efea6e0e0
Event: 0.800 Thread 0x0000025efdf2c880 Thread added: 0x0000025efdf2c880
Event: 0.805 Thread 0x0000025efe11e590 Thread added: 0x0000025efe11e590
Event: 0.888 Thread 0x0000025efd58a290 Thread exited: 0x0000025efd58a290
Event: 0.923 Thread 0x0000025efe1b83b0 Thread added: 0x0000025efe1b83b0
Event: 0.936 Thread 0x0000025efe167200 Thread added: 0x0000025efe167200
Event: 1.034 Thread 0x0000025efebdd4d0 Thread added: 0x0000025efebdd4d0
Event: 1.199 Thread 0x0000025efe303e70 Thread added: 0x0000025efe303e70
Event: 1.309 Thread 0x0000025efea1ba20 Thread added: 0x0000025efea1ba20


Dynamic libraries:
0x00007ff62c200000 - 0x00007ff62c210000 	D:\Program Files\Java\jdk-20.0.1\bin\java.exe
0x00007ffd7e370000 - 0x00007ffd7e587000 	C:\WINDOWS\SYSTEM32\ntdll.dll
0x00007ffd7cb50000 - 0x00007ffd7cc14000 	C:\WINDOWS\System32\KERNEL32.DLL
0x00007ffd7b8a0000 - 0x00007ffd7bc45000 	C:\WINDOWS\System32\KERNELBASE.dll
0x00007ffd7b6e0000 - 0x00007ffd7b7f1000 	C:\WINDOWS\System32\ucrtbase.dll
0x00007ffd70da0000 - 0x00007ffd70db9000 	D:\Program Files\Java\jdk-20.0.1\bin\jli.dll
0x00007ffd70dc0000 - 0x00007ffd70ddb000 	D:\Program Files\Java\jdk-20.0.1\bin\VCRUNTIME140.dll
0x00007ffd7db80000 - 0x00007ffd7dc31000 	C:\WINDOWS\System32\ADVAPI32.dll
0x00007ffd7dde0000 - 0x00007ffd7de87000 	C:\WINDOWS\System32\msvcrt.dll
0x00007ffd7c0d0000 - 0x00007ffd7c176000 	C:\WINDOWS\System32\sechost.dll
0x00007ffd7dcc0000 - 0x00007ffd7ddd7000 	C:\WINDOWS\System32\RPCRT4.dll
0x00007ffd7ccb0000 - 0x00007ffd7ce5e000 	C:\WINDOWS\System32\USER32.dll
0x00007ffd6d460000 - 0x00007ffd6d6f3000 	C:\WINDOWS\WinSxS\amd64_microsoft.windows.common-controls_6595b64144ccf1df_6.0.22621.2506_none_270c5ae97388e100\COMCTL32.dll
0x00007ffd7c090000 - 0x00007ffd7c0b6000 	C:\WINDOWS\System32\win32u.dll
0x00007ffd7c180000 - 0x00007ffd7c1a9000 	C:\WINDOWS\System32\GDI32.dll
0x00007ffd7bdc0000 - 0x00007ffd7bed9000 	C:\WINDOWS\System32\gdi32full.dll
0x00007ffd7b800000 - 0x00007ffd7b89a000 	C:\WINDOWS\System32\msvcp_win.dll
0x00007ffd729a0000 - 0x00007ffd729aa000 	C:\WINDOWS\SYSTEM32\VERSION.dll
0x00007ffd7db40000 - 0x00007ffd7db71000 	C:\WINDOWS\System32\IMM32.DLL
0x00007ffd75060000 - 0x00007ffd7506c000 	D:\Program Files\Java\jdk-20.0.1\bin\vcruntime140_1.dll
0x00007ffd6bf50000 - 0x00007ffd6bfde000 	D:\Program Files\Java\jdk-20.0.1\bin\msvcp140.dll
0x00007ffd2d900000 - 0x00007ffd2e597000 	D:\Program Files\Java\jdk-20.0.1\bin\server\jvm.dll
0x00007ffd64ec0000 - 0x00007ffd64ec9000 	C:\WINDOWS\SYSTEM32\WSOCK32.dll
0x00007ffd74170000 - 0x00007ffd741a4000 	C:\WINDOWS\SYSTEM32\WINMM.dll
0x00007ffd7cad0000 - 0x00007ffd7cb41000 	C:\WINDOWS\System32\WS2_32.dll
0x00007ffd7a750000 - 0x00007ffd7a768000 	C:\WINDOWS\SYSTEM32\kernel.appcore.dll
0x00007ffd74290000 - 0x00007ffd7429a000 	D:\Program Files\Java\jdk-20.0.1\bin\jimage.dll
0x00007ffd79110000 - 0x00007ffd79343000 	C:\WINDOWS\SYSTEM32\DBGHELP.DLL
0x00007ffd7c5a0000 - 0x00007ffd7c929000 	C:\WINDOWS\System32\combase.dll
0x00007ffd7ce60000 - 0x00007ffd7cf37000 	C:\WINDOWS\System32\OLEAUT32.dll
0x00007ffd62a00000 - 0x00007ffd62a32000 	C:\WINDOWS\SYSTEM32\dbgcore.DLL
0x00007ffd7bfa0000 - 0x00007ffd7c01a000 	C:\WINDOWS\System32\bcryptPrimitives.dll
0x00007ffd78160000 - 0x00007ffd7816e000 	D:\Program Files\Java\jdk-20.0.1\bin\instrument.dll
0x00007ffd70cd0000 - 0x00007ffd70cf6000 	D:\Program Files\Java\jdk-20.0.1\bin\java.dll
0x00007ffd62900000 - 0x00007ffd629d7000 	D:\Program Files\Java\jdk-20.0.1\bin\jsvml.dll
0x00007ffd7d0e0000 - 0x00007ffd7d939000 	C:\WINDOWS\System32\SHELL32.dll
0x00007ffd79600000 - 0x00007ffd79ef4000 	C:\WINDOWS\SYSTEM32\windows.storage.dll
0x00007ffd794c0000 - 0x00007ffd795fe000 	C:\WINDOWS\SYSTEM32\wintypes.dll
0x00007ffd7d940000 - 0x00007ffd7da33000 	C:\WINDOWS\System32\SHCORE.dll
0x00007ffd7c1b0000 - 0x00007ffd7c20e000 	C:\WINDOWS\System32\shlwapi.dll
0x00007ffd7b610000 - 0x00007ffd7b636000 	C:\WINDOWS\SYSTEM32\profapi.dll
0x00007ffd70cb0000 - 0x00007ffd70cc3000 	D:\Program Files\Java\jdk-20.0.1\bin\net.dll
0x00007ffd73df0000 - 0x00007ffd73f27000 	C:\WINDOWS\SYSTEM32\WINHTTP.dll
0x00007ffd7ac50000 - 0x00007ffd7acb9000 	C:\WINDOWS\system32\mswsock.dll
0x00007ffd70c90000 - 0x00007ffd70ca6000 	D:\Program Files\Java\jdk-20.0.1\bin\nio.dll
0x00007ffd706a0000 - 0x00007ffd706b8000 	D:\Program Files\Java\jdk-20.0.1\bin\zip.dll
0x00007ffd78140000 - 0x00007ffd7815a000 	D:\Program Files\IntelliJ IDEA 2023.2\bin\breakgen64.dll
0x0000025ef9360000 - 0x0000025ef9363000 	C:\Users\PC\.openjfx\cache\20+19\amd64\api-ms-win-core-console-l1-1-0.dll
0x0000025ef9370000 - 0x0000025ef9373000 	C:\Users\PC\.openjfx\cache\20+19\amd64\api-ms-win-core-console-l1-2-0.dll
0x0000025ef9380000 - 0x0000025ef9383000 	C:\Users\PC\.openjfx\cache\20+19\amd64\api-ms-win-core-datetime-l1-1-0.dll
0x0000025ef9390000 - 0x0000025ef9393000 	C:\Users\PC\.openjfx\cache\20+19\amd64\api-ms-win-core-debug-l1-1-0.dll
0x0000025ef93a0000 - 0x0000025ef93a3000 	C:\Users\PC\.openjfx\cache\20+19\amd64\api-ms-win-core-errorhandling-l1-1-0.dll
0x0000025ef93b0000 - 0x0000025ef93b4000 	C:\Users\PC\.openjfx\cache\20+19\amd64\api-ms-win-core-file-l1-1-0.dll
0x0000025ef93c0000 - 0x0000025ef93c3000 	C:\Users\PC\.openjfx\cache\20+19\amd64\api-ms-win-core-file-l1-2-0.dll
0x0000025ef93d0000 - 0x0000025ef93d3000 	C:\Users\PC\.openjfx\cache\20+19\amd64\api-ms-win-core-file-l2-1-0.dll
0x0000025ef93e0000 - 0x0000025ef93e3000 	C:\Users\PC\.openjfx\cache\20+19\amd64\api-ms-win-core-handle-l1-1-0.dll
0x0000025ef93f0000 - 0x0000025ef93f3000 	C:\Users\PC\.openjfx\cache\20+19\amd64\api-ms-win-core-heap-l1-1-0.dll
0x0000025efefd0000 - 0x0000025efefd3000 	C:\Users\PC\.openjfx\cache\20+19\amd64\api-ms-win-core-interlocked-l1-1-0.dll
0x0000025efefe0000 - 0x0000025efefe3000 	C:\Users\PC\.openjfx\cache\20+19\amd64\api-ms-win-core-libraryloader-l1-1-0.dll
0x0000025eff370000 - 0x0000025eff373000 	C:\Users\PC\.openjfx\cache\20+19\amd64\api-ms-win-core-localization-l1-2-0.dll
0x0000025eff380000 - 0x0000025eff383000 	C:\Users\PC\.openjfx\cache\20+19\amd64\api-ms-win-core-memory-l1-1-0.dll
0x0000025efeff0000 - 0x0000025efeff3000 	C:\Users\PC\.openjfx\cache\20+19\amd64\api-ms-win-core-namedpipe-l1-1-0.dll
0x0000025eff000000 - 0x0000025eff003000 	C:\Users\PC\.openjfx\cache\20+19\amd64\api-ms-win-core-processenvironment-l1-1-0.dll
0x0000025eff010000 - 0x0000025eff013000 	C:\Users\PC\.openjfx\cache\20+19\amd64\api-ms-win-core-processthreads-l1-1-0.dll
0x0000025eff020000 - 0x0000025eff023000 	C:\Users\PC\.openjfx\cache\20+19\amd64\api-ms-win-core-processthreads-l1-1-1.dll
0x0000025eff030000 - 0x0000025eff033000 	C:\Users\PC\.openjfx\cache\20+19\amd64\api-ms-win-core-profile-l1-1-0.dll
0x0000025eff040000 - 0x0000025eff043000 	C:\Users\PC\.openjfx\cache\20+19\amd64\api-ms-win-core-rtlsupport-l1-1-0.dll
0x0000025eff050000 - 0x0000025eff053000 	C:\Users\PC\.openjfx\cache\20+19\amd64\api-ms-win-core-string-l1-1-0.dll
0x0000025eff060000 - 0x0000025eff063000 	C:\Users\PC\.openjfx\cache\20+19\amd64\api-ms-win-core-synch-l1-1-0.dll
0x0000025eff070000 - 0x0000025eff073000 	C:\Users\PC\.openjfx\cache\20+19\amd64\api-ms-win-core-synch-l1-2-0.dll
0x0000025eff080000 - 0x0000025eff083000 	C:\Users\PC\.openjfx\cache\20+19\amd64\api-ms-win-core-sysinfo-l1-1-0.dll
0x0000025eff090000 - 0x0000025eff093000 	C:\Users\PC\.openjfx\cache\20+19\amd64\api-ms-win-core-timezone-l1-1-0.dll
0x0000025eff0a0000 - 0x0000025eff0a3000 	C:\Users\PC\.openjfx\cache\20+19\amd64\api-ms-win-core-util-l1-1-0.dll
0x0000025eff310000 - 0x0000025eff313000 	C:\Users\PC\.openjfx\cache\20+19\amd64\api-ms-win-crt-conio-l1-1-0.dll
0x0000025eff320000 - 0x0000025eff324000 	C:\Users\PC\.openjfx\cache\20+19\amd64\api-ms-win-crt-convert-l1-1-0.dll
0x0000025eff330000 - 0x0000025eff333000 	C:\Users\PC\.openjfx\cache\20+19\amd64\api-ms-win-crt-environment-l1-1-0.dll
0x0000025eff340000 - 0x0000025eff343000 	C:\Users\PC\.openjfx\cache\20+19\amd64\api-ms-win-crt-filesystem-l1-1-0.dll
0x0000025eff350000 - 0x0000025eff353000 	C:\Users\PC\.openjfx\cache\20+19\amd64\api-ms-win-crt-heap-l1-1-0.dll
0x0000025eff360000 - 0x0000025eff363000 	C:\Users\PC\.openjfx\cache\20+19\amd64\api-ms-win-crt-locale-l1-1-0.dll
0x0000025eff1e0000 - 0x0000025eff1e5000 	C:\Users\PC\.openjfx\cache\20+19\amd64\api-ms-win-crt-math-l1-1-0.dll
0x0000025eff1f0000 - 0x0000025eff1f5000 	C:\Users\PC\.openjfx\cache\20+19\amd64\api-ms-win-crt-multibyte-l1-1-0.dll
0x0000025eff200000 - 0x0000025eff210000 	C:\Users\PC\.openjfx\cache\20+19\amd64\api-ms-win-crt-private-l1-1-0.dll
0x0000025eff210000 - 0x0000025eff213000 	C:\Users\PC\.openjfx\cache\20+19\amd64\api-ms-win-crt-process-l1-1-0.dll
0x0000025eff220000 - 0x0000025eff224000 	C:\Users\PC\.openjfx\cache\20+19\amd64\api-ms-win-crt-runtime-l1-1-0.dll
0x0000025eff230000 - 0x0000025eff234000 	C:\Users\PC\.openjfx\cache\20+19\amd64\api-ms-win-crt-stdio-l1-1-0.dll
0x0000025eff240000 - 0x0000025eff244000 	C:\Users\PC\.openjfx\cache\20+19\amd64\api-ms-win-crt-string-l1-1-0.dll
0x0000025eff250000 - 0x0000025eff253000 	C:\Users\PC\.openjfx\cache\20+19\amd64\api-ms-win-crt-time-l1-1-0.dll
0x0000025eff260000 - 0x0000025eff263000 	C:\Users\PC\.openjfx\cache\20+19\amd64\api-ms-win-crt-utility-l1-1-0.dll
0x00007ffd2fa60000 - 0x00007ffd2fb5c000 	C:\Users\PC\.openjfx\cache\20+19\amd64\ucrtbase.dll
0x00007ffd737c0000 - 0x00007ffd737db000 	C:\Users\PC\.openjfx\cache\20+19\amd64\vcruntime140.dll
0x00007ffd78060000 - 0x00007ffd7806c000 	C:\Users\PC\.openjfx\cache\20+19\amd64\vcruntime140_1.dll
0x00007ffd73730000 - 0x00007ffd737be000 	C:\Users\PC\.openjfx\cache\20+19\amd64\msvcp140.dll
0x00007ffd75480000 - 0x00007ffd75489000 	C:\Users\PC\.openjfx\cache\20+19\amd64\msvcp140_1.dll
0x00007ffd73700000 - 0x00007ffd73730000 	C:\Users\PC\.openjfx\cache\20+19\amd64\msvcp140_2.dll
0x00007ffd69df0000 - 0x00007ffd69e1f000 	C:\Users\PC\.openjfx\cache\20+19\amd64\prism_d3d.dll
0x00007ffd70fc0000 - 0x00007ffd71169000 	C:\WINDOWS\system32\d3d9.dll
0x00007ffd78b70000 - 0x00007ffd78b9b000 	C:\WINDOWS\SYSTEM32\dwmapi.dll
0x00007ffd78a20000 - 0x00007ffd78a56000 	C:\WINDOWS\SYSTEM32\dxcore.dll
0x00007ffd78910000 - 0x00007ffd789bb000 	C:\WINDOWS\system32\uxtheme.dll
0x00007ffd71680000 - 0x00007ffd7185b000 	C:\WINDOWS\System32\DriverStore\FileRepository\u0357645.inf_amd64_3c66802dbd4d45a0\B357435\aticfx64.dll
0x00007ffd18850000 - 0x00007ffd18883000 	C:\WINDOWS\System32\DriverStore\FileRepository\u0357645.inf_amd64_3c66802dbd4d45a0\B357435\atiu9p64.dll
0x00007ffd12cf0000 - 0x00007ffd13986000 	C:\WINDOWS\System32\DriverStore\FileRepository\u0357645.inf_amd64_3c66802dbd4d45a0\B357435\atiumd64.dll
0x00007ffd7c930000 - 0x00007ffd7cad0000 	C:\WINDOWS\System32\ole32.dll
0x00007ffd71610000 - 0x00007ffd7163f000 	C:\WINDOWS\SYSTEM32\amdihk64.dll
0x00007ffd73aa0000 - 0x00007ffd73aea000 	C:\WINDOWS\SYSTEM32\directxdatabasehelper.dll
0x00007ffd38890000 - 0x00007ffd388d2000 	C:\Users\PC\.openjfx\cache\20+19\amd64\glass.dll
0x00007ffd7da40000 - 0x00007ffd7db39000 	C:\WINDOWS\System32\COMDLG32.dll
0x00007ffd7cf40000 - 0x00007ffd7d08f000 	C:\WINDOWS\System32\MSCTF.dll
0x0000000062810000 - 0x000000006368d000 	C:\WINDOWS\System32\DriverStore\FileRepository\u0357645.inf_amd64_3c66802dbd4d45a0\B357435\atiumd6a.dll
0x00007ffd7aa60000 - 0x00007ffd7aaad000 	C:\WINDOWS\SYSTEM32\POWRPROF.dll
0x00007ffd7a9c0000 - 0x00007ffd7a9d3000 	C:\WINDOWS\SYSTEM32\UMPDC.dll
0x00007ffd72460000 - 0x00007ffd72474000 	C:\Users\PC\.openjfx\cache\20+19\amd64\javafx_font.dll
0x00007ffd77330000 - 0x00007ffd775a3000 	C:\WINDOWS\SYSTEM32\dwrite.dll

dbghelp: loaded successfully - version: 4.0.5 - missing functions: none
symbol engine: initialized successfully - sym options: 0x614 - pdb path: .;D:\Program Files\Java\jdk-20.0.1\bin;C:\WINDOWS\SYSTEM32;C:\WINDOWS\WinSxS\amd64_microsoft.windows.common-controls_6595b64144ccf1df_6.0.22621.2506_none_270c5ae97388e100;D:\Program Files\Java\jdk-20.0.1\bin\server;D:\Program Files\IntelliJ IDEA 2023.2\bin;C:\Users\PC\.openjfx\cache\20+19\amd64;C:\WINDOWS\System32\DriverStore\FileRepository\u0357645.inf_amd64_3c66802dbd4d45a0\B357435

VM Arguments:
jvm_args: -javaagent:D:\Program Files\IntelliJ IDEA 2023.2\lib\idea_rt.jar=60086:D:\Program Files\IntelliJ IDEA 2023.2\bin -Dfile.encoding=UTF-8 -Dsun.stdout.encoding=UTF-8 -Dsun.stderr.encoding=UTF-8 --module-path=C:\Users\PC\.m2\repository\org\openjfx\javafx-graphics\20\javafx-graphics-20-win.jar;C:\Users\PC\.m2\repository\org\openjfx\javafx-base\20\javafx-base-20-win.jar;C:\Users\PC\.m2\repository\org\openjfx\javafx-web\20\javafx-web-20-win.jar;E:\MailClient\target\classes;C:\Users\PC\.m2\repository\org\openjfx\javafx-controls\20\javafx-controls-20-win.jar;C:\Users\PC\.m2\repository\com\google\code\gson\gson\2.10.1\gson-2.10.1.jar;C:\Users\PC\.m2\repository\org\openjfx\javafx-fxml\20\javafx-fxml-20-win.jar;C:\Users\PC\.m2\repository\org\openjfx\javafx-media\20\javafx-media-20-win.jar -Djdk.module.main=com.email.mailclient 
java_command: com.email.mailclient/com.email.mailclient.EmailApplication
java_class_path (initial): C:\Users\PC\.m2\repository\org\openjfx\javafx-controls\20\javafx-controls-20.jar;C:\Users\PC\.m2\repository\org\openjfx\javafx-graphics\20\javafx-graphics-20.jar;C:\Users\PC\.m2\repository\org\openjfx\javafx-base\20\javafx-base-20.jar;C:\Users\PC\.m2\repository\org\openjfx\javafx-fxml\20\javafx-fxml-20.jar;C:\Users\PC\.m2\repository\org\openjfx\javafx-web\20\javafx-web-20.jar;C:\Users\PC\.m2\repository\org\openjfx\javafx-media\20\javafx-media-20.jar
Launcher Type: SUN_STANDARD

[Global flags]
     intx CICompilerCount                          = 4                                         {product} {ergonomic}
     uint ConcGCThreads                            = 2                                         {product} {ergonomic}
     uint G1ConcRefinementThreads                  = 8                                         {product} {ergonomic}
   size_t G1HeapRegionSize                         = 2097152                                   {product} {ergonomic}
    uintx GCDrainStackTargetSize                   = 64                                        {product} {ergonomic}
   size_t InitialHeapSize                          = 234881024                                 {product} {ergonomic}
   size_t MarkStackSize                            = 4194304                                   {product} {ergonomic}
   size_t MaxHeapSize                              = 3743416320                                {product} {ergonomic}
   size_t MaxNewSize                               = 2246049792                                {product} {ergonomic}
   size_t MinHeapDeltaBytes                        = 2097152                                   {product} {ergonomic}
   size_t MinHeapSize                              = 8388608                                   {product} {ergonomic}
    uintx NonNMethodCodeHeapSize                   = 5839372                                {pd product} {ergonomic}
    uintx NonProfiledCodeHeapSize                  = 122909434                              {pd product} {ergonomic}
    uintx ProfiledCodeHeapSize                     = 122909434                              {pd product} {ergonomic}
    uintx ReservedCodeCacheSize                    = 251658240                              {pd product} {ergonomic}
     bool SegmentedCodeCache                       = true                                      {product} {ergonomic}
   size_t SoftMaxHeapSize                          = 3743416320                             {manageable} {ergonomic}
     bool UseCompressedClassPointers               = true                           {product lp64_product} {ergonomic}
     bool UseCompressedOops                        = true                           {product lp64_product} {ergonomic}
     bool UseG1GC                                  = true                                      {product} {ergonomic}
     bool UseLargePagesIndividualAllocation        = false                                  {pd product} {ergonomic}

Logging:
Log output configuration:
 #0: stdout all=warning uptime,level,tags foldmultilines=false
 #1: stderr all=off uptime,level,tags foldmultilines=false

Environment Variables:
PATH=C:\Program Files\Common Files\Oracle\Java\javapath;C:\Windows\system32;C:\Windows;C:\Windows\System32\Wbem;C:\Windows\System32\WindowsPowerShell\v1.0\;C:\Windows\System32\OpenSSH\;C:\Program Files (x86)\NVIDIA Corporation\PhysX\Common;C:\Program Files\NVIDIA Corporation\NVIDIA NvDLISR;C:\WINDOWS\system32;C:\WINDOWS;C:\WINDOWS\System32\Wbem;C:\WINDOWS\System32\WindowsPowerShell\v1.0\;C:\WINDOWS\System32\OpenSSH\;C:\Program Files\Azure Data Studio\bin;C:\Program Files (x86)\Dev-Cpp\MinGW64\bin;D:\Program Files\Git\cmd;C:\ProgramData\ComposerSetup\bin;D:\Program Files\nodejs;E:\xampp\php;D:\Program Files\Java\jdk-20.0.1\bin;D:\Program Files\Apache Tomcat\apache-tomcat-10.1.12\bin;D:\Program Files\apache-maven-3.9.5\apache-maven\src\bin;D:\Program Files\javafx-sdk-21.0.1\bin;C:\Users\PC\AppData\Local\Programs\Python\Python311\Scripts\;C:\Users\PC\AppData\Local\Programs\Python\Python311\;C:\Users\PC\AppData\Local\Microsoft\WindowsApps;C:\Program Files\Azure Data Studio\bin;D:\Program Files\Microsoft VS Code\bin;C:\Users\PC\AppData\Roaming\Composer\vendor\bin;C:\Users\PC\AppData\Roaming\npm;D:\Program Files\IntelliJ IDEA 2023.2\bin;;D:\Program Files\flutter\bin;
USERNAME=PC
OS=Windows_NT
PROCESSOR_IDENTIFIER=AMD64 Family 23 Model 24 Stepping 1, AuthenticAMD
TMP=C:\Users\PC\AppData\Local\Temp
TEMP=C:\Users\PC\AppData\Local\Temp




---------------  S Y S T E M  ---------------

OS:
 Windows 11 , 64 bit Build 22621 (10.0.22621.2506)
OS uptime: 12 days 6:51 hours

CPU: total 8 (initial active 8) (8 cores per cpu, 2 threads per core) family 23 model 24 stepping 1 microcode 0x0, cx8, cmov, fxsr, ht, mmx, 3dnowpref, sse, sse2, sse3, ssse3, sse4a, sse4.1, sse4.2, popcnt, lzcnt, tsc, tscinvbit, avx, avx2, aes, clmul, bmi1, bmi2, adx, sha, fma, vzeroupper, clflush, clflushopt, rdtscp, f16c

Memory: 4k page, system-wide physical 14273M (4172M free)
TotalPageFile size 37378M (AvailPageFile size 5M)
current process WorkingSet (physical memory assigned to process): 115M, peak: 115M
current process commit charge ("private bytes"): 369M, peak: 370M

vm_info: Java HotSpot(TM) 64-Bit Server VM (20.0.1+9-29) for windows-amd64 JRE (20.0.1+9-29), built on 2023-03-07T13:56:11Z by "mach5one" with MS VC++ 17.1 (VS2022)

END.
